（第一个无效）
“易玩通”娱乐平台
《闪电-视频合并王》
《问道》完整客户端
115优蛋
131玩玩
160WiFi
1616智能网盘
1666烈焰
17173游戏神器
17打牌
1by1
1st choice zip
2144赤月传说
2144网页游戏
2345加速浏览器
2345看图王
2345首页卫士
2345网址导航
2345影视大全
2345智能浏览器
360安全浏览器
360免费WiFi
360随身WiFi
360一键Root
360游戏大厅
360云盘
37wan大裁决
37wan大闹天宫
37wan热血战纪
37wan武易
37wan武尊
37大闹天宫
37风云无双
37武尊
3d image commander
3d pictrue browser
3dmark vantage
3dmark03
3dmark05
3dmark06
3dp pack
3dsmax
3d看
4399游戏盒
4patas
51高清娱乐软件
51挂挂
51游戏
56ican
602攻城掠地
602女神联盟
602网页游戏
72xuan4d家居网络互动平台
798看
7-Zip
8uftp
9158im
9158多人视频
9158多人视频空间
9158虚拟视频(ktv版)
91english
91reader
91see
91单机游戏盒子
91坛子
91助手
9377-赤月传说
9377烈焰
9377网页游戏
a4desk
aaa logo
abc (remove only)
abiword
abplayer
abplayer爱播
absolute sound recorder
ac3filter
ACDSee
activesync
ad sound recorder
Addr
adobe acrobat
adobe audition
adobe creative sutie
adobe director
adobe extension manager
adobe photoshop
adobe premiere pro
adress
agogo dvd copy
air force missions
airzip
air微博
alcohol
alien arena
aloaha timestamper
alzip
Amazon Browser App
amd cpuinfo
anti-trojan elite
a-one video joiner
apabi maker
ape ripper
ape2cd
aphoto图像处理软件
arcconvert
areca
arial sound recorder
arial sound recorder version
artweaver
as ver
ashampoo burning studio
ashampoo photo optimizer
ashampoo winoptimizer
astra32
astroburn lite
audacity
auto cad
AutoCAD
Autodesk DWF Viewer
autodesk express viewer
av vcs
ava_client_ver
babylon
badak
BaiduPlayer
batchppt
bearshare
becky!
becky!ver
bejeweled
biget 客户端
bigfix
billiard art
Bing Bar
bios
bitcomet
bitcomet flv
bitdefender free
bitdefender free edition
bitdefender total security
bitkinex
bitspirit
bittorrent
bitzipper
bleachbit
bloodmasters
BlueStacks App Player
blufftitler
bmp图片魔法师
bonjour
booktome
bopup messenger
bs.player
bsplayer
bt plus!
bumptop
burnaware free
burnaware free edition
cajviewer
Calendar
call of duty
camfrog video chat
camtasia studio
canon utilities photostitch
cashflow?the e-game
caystaldiskinfo
caystaldiskmark
CCleaner
ccproject
CCTV Player Uninstall
cctvbox
cd/dvds bit locker
cd-runner
cet4大学英语四级考试学习免费版
CF百宝箱
chromeplus
cintanotes beta m7
cjc好玩背单词
classic ftp
cleanmem
cleartype tuning control panel a
clipboardfusion
clipmate
clonecd
clonedvd
cloud签名字符
cmbsafebase
CNTV Live2
cntv-cbox
CNTV-CBox客户端
cntvppl
collageit
coloring book - shareware
comodo dragon
compare it!
comzip
convertxtodvd
cool edit
cool edit pro
coollector
coolpad suite
corel painter
coreldraw
counter-strike
creative mediasource
crossftp(remove only)
cs1.5
cs1.6
csved
cterm
cuteftp
cyberarticle
CyberLink LabelPrint
CyberLink Power2Go
CyberLink YouCam
d3dgear
deluge
desktopspace
dexpot
dia (仅移除)
dj mix
docpad
dohsow视频游戏
doshow
dr.eye
drawing4kids
dream aquarium
dreammail
Dreamtaskbar
dvd flick
dvd flick 视频制作
dvd shrink
dvd-cloner
dvdfab
dvgate plus
dwgsee plus
earthview
easycapture
easymule
easyrecovery professional trial
easyzip
ebssaclient
edison
editplus
eesina
emet
emule
en8848迷你背单词
energycut
eo video
epc相框专家
eread电子书阅读器
eset nod32
essentialpim
Esurfing
evernote
everything
evil player
eweiqi
exescope
express notes
extractio
extractnow
e视通聚合网络影视
e视通网络电视
e音乐盒
face-bon free trial
facemorpher lite
fake voice
falco auto image
FARO LS
fastpictureviewer
faststone
faststone image viewer
fasttv网络电视
fbackup
fcleaner
feeddemon
fences
fetion
ffdshow
fields of thunder
filemon v7.04 汉化版
fileseek
filetime
finalburner free
firegraphic
firegraphic xp
fireworks
fixclaner
flac2cd
flashfxp
flashget
flash相册制作大师
flexcompress
foobar
foobar2000
formatfactory
fotomix
fotosketcher
foxarc music desk
foxit phantom
Foxit Reader
Foxit Reader Pro
fraps
fraps(remove only)
free ape player
free download manager
free dwg viewer
free easy cd dvd burner
free font renamer
Free Launch Bar
free rar extractor
free sound recorder
freecommander
freefixer
freeime
freemind
freeundelete
freevimager
freevinager
freshdiagnose
freshdownload
freshui
freshview
ftprush
funphotor
funshion
future pinball
futuriximager
g3随e行
gameboost
gamehike
gamethrust
geeteedee
ghostscript
giantim
gmabooster
goldwave
gom media player
gom player
goodsyns
Google 地球
gosurf
gotoassist
gotomeeting
greatnews
greenbrowser
griffith
gsplit
guitar pro
GuoGuo
haihaisoft universal player
half-life
halite
hao123桔子浏览器
Hao123浏览器
Hao123桌面快捷方式
haozip
happyshow
harmonic pvr
hd csp
hd tach version
helicopter wars
hijackthis
homeshare
honey view3
honeyview
hypersnap-dx
icelight一线光
icofx
iconlover
iconpackager
iconworkshop
icq
icq toolbar
icq6
idesktop
iefxz(remove only)
iehelper
ie伴侣
ie守护天使
IE搜索助手
ifree skype recorder
illustrator
imageready
imgburn
imusic
incredimail
inkscape
interactual player
intervideo windvd 8
iobit security
iread 爱读书
irfanview
irfanview (remove only)
isee 个人图片专家
iseesong
isee个人图片专家
isee图片专家
ising99 player
iSpeak
iTudou
izotope ozone
jaback
jahshaka
jetaudio
jetphoto studio
jinri
JJ比赛
Join Me
jsee
k82006v2
kawai连连看
kc2008 beta1 sp1
kc2009
kc网络电话
keyboardtest
kk
kkplayer
kmplayer
kooloader
koomail
koomail 5.41 简体中文正式版
kruptos
KuaiwanWebsite
kugoo
kumool
kumool1.0
kuree
kuro音乐盒
labelprint
lasso
launchy
lava-lava
lavanet dna
lava游戏盒
leechget
lenovo powerdvd
libreoffice
limewire
lingoes
logfusion
lojiklsweep
loki
mactype
mad medlley battle
magicx
Manual
marine aquarium
markman beta
maxthon
mazaika
mediacoder
mediainfo
mediashow
megui
mele
messenger plus
messenger plus! live
messenger plus!live
microangelo
Microsoft Office 即点即用 2010
mindjet mindmanager
miniie
minimule
minivcap
miniwinmount
miranda im
mirc
miro
mmtv
moo0 录音专家
mooo audioeffecter
mooo 录音专家
movica
Mozilla Firefox
mozilla thunderbird
mozilla thunderbird (3.0b1)
mp3 wav studio
mp3gain
mp3tag
mp3音频录音机
mpc diy 系列三月鸟diy版
mpcgo
mplayer
mptrim
msn
msn cartoon
msn messenger
msn shell
msnshell
mstts51
mtv电子相册
multiping
muvee autoproducer
MvBox
mvbox 3.01
mwie
mwsnap
my mpc 系列·暴风影音
my mpc·暴风影音 (unicode)
my mpc·暴风影音优化播放器
mybase desktop
mydefrag
mygame 宝宝玩游戏拼单词
myie
myie2 browser (remove only)
myie9
mymp3
mympc 系列 三月鸟diy版
mypaint
myplayer
myrecorder 音频录音机
nandub
nba live 2006
nba2009
NBA2K
need for extreme 3d
neffymansp
nero
nero burning rom
netitv
netlimiter
netpas acc
netpas网络加速
netscream
netsetman
networx
nexusfile
nexusfont
nirsoft videocacheview
nirsoft volumouse
nitro racers
no trace
nod32
normal tanks
Notepad++
oovoo
openal
opencanvas
opera
orangecd
outlook express
overture
ozone3d.net furmark
paint.net
panorado
PC6软件盒
pcboost
pcheal
pcmedik
pcthrust
pdfcreator
pdffactory
pecompact
pes2008
pfsvod 5102
photo dvd maker
photo jumble
photo slide show
photocap
photodown
photofamily
photofiltre studio
photoinstrument
photoline
photoscape
photoshop
physx fluidmark
picasa
picpick
Picture Books
pictureplayer
pidgin
pim
pinnotes
PIPI
pixos shellpack v1.0.1.417
plants vs. zombies goty
playerplus
pmview
pnotes
pocomail
pocomaker
poco安装程序
poco图客
poco图客软件
poster forge
potplayer
power mp3 cutter
power notes
Power2Go
power4 gear
powerdvd
poweroff v3.0.1.2 汉化版
powerproducer
powerquest partitionmagic
powerword 2006
powerword 2007
powerzip
pp2005
pp2006
ppfilm
PPLite
pplive
ppmate
ppmate 视频
pps
ppsAddr
ppstream
pps机战皮肤
pps魔域皮肤
pps视频
PPS影音
PPS游戏
pptv剧场版
PPTV聚力网络电视
pptv网络电视
pp点点通
pp加速器
PP助手
process
progdvb
prtscr
psearcher
Puzzle
pu网络电视
Q+桌面
qbittorrent
qemu manager
Qing
qmsdk
qq斗地主记牌器
qq斗地主魔法助手
qq斗地主刷分机器版
QQ对战平台
QQ飞车
QQ飞车动态下载版
qq空间伴侣
qq空间克隆客户端
QQ空间克隆器
qq空间音乐克隆
qq空间音乐下载器
QQ浏览器
qq泡妞专家
qq三国无忧挂机外挂
QQ堂
QQ旋风
QQ炫舞2
QQ炫舞标准版
QQ音乐
QQ影音
QQ游戏
QT语音
quick 3d cover
quick time
quickchm
quickset
QuickTime
quintessential player（qcd）
quisksys regdefrag
qvodplayer
QvodPlayer(快播)
qvod播放器
q聊
rainlendar2
rainmeter
ram idle professional
ramdisk plus 9.0
ramrush
ramsmash
rapidtyping
raysource
real 游戏大厅
realone player
RealPlayer
realproducer plus 11
realvnc
reaper
reasonable noclone 2010 free
recuva
regmon v7.04 汉化版
resident evil
revo uninstaller
ribbonvu free
rivatuner
rivatuner v2.23
rmvb-play
rocketdock
rockmelt
rongtv腾龙视频
roomplus
safari
safeinput
safesign
save2pc light
savecan
sc ver
Scan
scantoweb
scenicplayer
screen2exe
screenpresso
sddsupdate
seamonkey
season3.25
seatools for windows
secunia psi
secura archiver
see9 手机图铃大全
se-traymenu
shadow defender
shape collage
sharedview
shinemr
sid meier’s civilization
sigmatel audio
signpics
sina show
sina tv
sina uc
sina web tv
sis vga utilities
skype
sliderdock
slimcleaner
smart diary suite
smartaudio
smartdraw
smartftp
smoothdraw
smplayer
snagit
snes9x
solidworks
solsuite 2011
somud
songbird
sopcast
sosghost
SOSO工具栏
sothink swf decompiler
sothink swf quicker
sound forge
soundbase
soundmax
speccy
speedfan
spider
splayer
spotify
s-spline
ssreader
stardict(remove onle)
startdefrag
startup delayer
sticky photo
stitch art easy
stormplayer
sublight
sudoku
sun virtualbox
sun xvm virtualbox
super dvd creator
super dvd creator 9.8 trial version
superram
sursen reader
sweet midi player
sylpheed
teaching player
teamspeak
teavea
textpad
The KMPlayer
theworld
Thunder BHO Platform
timer
tipard dvd ripper
tixati
tom对弈
topnews
total commander
total recorder
trayapp
treader阅读器
treesize free
trends reader
tribler
trillian
ttplayer
tuotu
turbo photo
turboftp
turbozip
tux paint
tv678
tvants
tweaknow powerpack
tweakxplorer
ucturbo
ucwebchatroom
Uibia
ulead cool 3d
ulead dvd diskrecorder
ulead dvd 录录烧
ulead gif animator
ulead gif animator 5 trial
ulead photo express
ulead videostudio
ultra defragmenter
ultracompare
ultraedit
ultraedit-32
ultraiso premium
ultraiso软碟通
ultravn
Unity Web Player
unreal commander
updatastar
upxshell
usbkiller
userguide
uucall
uucall网络电话迷你版
uusee
UUSee 网络电视
uu翻译伴侣
vagaa
vaio media
vaio zone
vallen jpegger
veriface
vgo
video player
videospeedy
viewer2
viewgood webplayer 2007
virtual dj studio
virtualdub
virtuawin unicode
vjocx
vnc free edition
vod player
vodplayer
vopt
vuplayer
vuze
vv8
warcraft iii frozen throne
washandgo
wavecn
webplayer
websaver
webshot
web迅雷
WIFI共享精灵
win32pad
winace
winamp
windirstat
windjview
windows live
Windows Live 上载工具
windowspace
windows主题
windvd
winmount
winmount ppc
winmpg videoconvert
WinPcap
WinRAR
winsnap
winutilities
winutilties
wjplay2
word reader
wordstudio
workrave
world of warcraft
world of warcraft desktop
wpanorama
wuala
xfire (remove only)
xilisoft dvd creator
xmedia recode
xml notepad 2007
xnview
xobni
xplorer?lite
xp变脸王
xshell
xvid 1.1 final uninstall
xyplorer
yahoo! messenger
your uninstaller!
yoyo live
yw-tvision
yw-tvision client
yy
YY4
YY5
YY6
YYMusic
zcococomic viewer
zinemaker
zipgenius
zipghost
zonealarm pro
zoom player (remove only)
zortam mp3
zubu reader
zzllk连连看
z武器
μtorrent
阿里通网络电话
阿里旺旺
阿里旺旺2012正式版SP1
阿里旺旺2012正式版SP2
阿里旺旺2012正式版SP3
阿里旺旺2013Beta1
阿里旺旺2013Beta2
阿里旺旺卖家版
爱博报刊杂志阅读器
爱博邮件群发系统专业版
爱博邮件群发专业版
爱酷
爱奇艺视频2.0
爱奇艺视频3.0
爱奇艺影音
爱情智慧
爱书下载阅读器
爱书阅读器
按键精灵
暗黑破坏神
傲盾网络加速器
傲游
傲游云浏览器
八哥五笔打字员
八戒桌面
八戒桌面小工具
八音盒
巴溜溜影视盒
百度hao123快捷
百度hi
百度壁纸
百度电脑管家
百度快捷
百度浏览伴侣
百度浏览器
百度浏览器hao123专版
百度视频·PC版
百度手机助手
百度手机助手迷你版
百度下吧
百度影音
百度影音浏览器
百度云管家
斑马歌曲定时播放系统
半条命
半仙算命
帮5淘
宝宝no1
宝贝坦克
暴风看电影
暴风玩游戏
暴风影霸
暴风影音
暴风影音5
暴力摩托
暴龙网络收音机
爆豆影视
贝贝网络电视
比特精灵
笔刷工厂
壁纸美化助手
边锋网络游戏世界大厅
变色龙
变速精灵 2.35 免费版
冰盒
波波虎
波克城市
不落魔域
布鲁布鲁卡卡
彩虹2009
彩虹2009 beta
彩虹岛
彩虹家族卫星直播
彩影
曹操
畅游精灵
畅游乐园
超级播放器
超级捕快
超级捕快 正式白金试用版本
超级画笔
超级解霸
超级马里奥
超级跑跑
超级兔子快乐影音
超级舞者
超级旋风
超级旋风1.9
超级英汉词典
超级转霸 total video converter
超级转霸total video converter
超星阅读器
超星阅览器
成功gtd时间管理
成功助理
穿越火线
传奇世界
创世西游
春秋q传
词霸2011
大富翁
大航海时代
大话西游
大明龙权
大头贴制作大师
大头贴制作系统
大鱼吃小鱼
大众天气预报
带 service pack 2 的 windows rig
单词风暴
刀剑online
导思(mindvisualizer)标准版
道路测设大师
稻草人
地球帝国
地下城与勇士
帝国时代
帝国时代之罗马复兴
帝王qq斗地主刷分器
点心浏览器
电子小说阅览器 second edition
叮铛大富翁
鼎点梦幻播放器
定时关机3000
动画兵工厂
动态壁纸王
斗 地 主
斗地主
逗游
逗游-轻松玩游戏
嘟嘟pdf阅读器
读读宝
多彩日历
多多魔法师
多多视频游戏大厅
多米音乐
多玩DNF盒子
多玩英雄联盟盒子
儿童绘画软件
法语助手
反恐精英
反恐精英Online
飞鸽传书
飞狐yingyin
飞速土豆
飞信
飞信2013
沸点视频
沸点网络电视
愤怒的小鸟中文版
风行
风火之旅客户端
风雷影音
风雷影音搜索
风鸟
风云-雄霸天下
疯狂斗地主
疯狂麻将
疯狂瓶盖
疯狂赛车
凤舞天骄
福橙娱乐2.0
福昕阅读器
富甲西游
高效e人
高音质dj音乐盒
格式工厂
狗窝游戏盒
够快
谷歌工具栏
谷歌金山词霸
谷歌音乐盒
呱呱
呱呱k歌伴侣
呱呱视频社区
光盘刻录大师
光速烈焰
光速输入法
光线飞车
光影魔术手
光之国度
国家的崛起
哈哈宝库3.0
海词典典
海盗湾
海南综合网播放器
海天英雄传之九鼎
海图图片管理系统
海啸录音机
海啸媒体
海啸网络电视
汉魅
汉语大辞典 普及版
航海大富翁
豪杰超级dvd
豪杰超级解霸
豪杰大眼睛
豪杰视频通
豪杰网话 v2.0
好压
好易网视
好桌道高清壁纸
好桌道美化软件
浩方电竞平台
浩方对战平台
浩方魔域
浩瀚阅读器
合金弹头合集
贺卡专家
黑鹰坠落
嗨嗨dj舞曲播放器
红苹果
红蜻蜓抓图精灵
红色警戒
红色警戒II共和国之辉
红心游戏世界
宏乐录音棚
花儿世界
花生壳动态域名
华夏Ⅱ
欢乐麻将
幻想影音
幻想游戏
幻影
回车桌面大师
惠惠购物助手
混录天王
火速桌面搜索
火线魔盒
火星加速器
机战
激流神探
极品飞车
极品图标
极品桌面
极速tm2008版
极速酷6
加速人生
佳影mtv电子相册制作软件
家家乐电子相册制作系统
简单百宝箱
简单日历
剑侠情缘
江南影音盒
角斗士超级复读王
角斗士英语奇迹阅读
街头篮球
结婚助理
金蝶智慧记2010
金山t盘
金山词霸
金山词霸2012
金山打字通
金山打字游戏 2008
金山毒霸2012
金山画王
金山快快打字通
金山快快游戏世界
金山快盘
金山快译
金山密保 公测版
金山软件管家
金山手机助手
金山手机助手苹果版
金山网游加速器
金山卫士
金山影霸
金山游侠
金山重装高手
锦游五子棋
劲乐团
劲舞团
京龙科技-grand theft auto: vice city
惊天动地
精灵画笔之大天使
静雅思听
九品视频
九品网络电视
桔子浏览器
菊子曰
决战iii
咔咕
咔咔电子相册
咔咔看图精灵
卡卡安全助手
卡卡上网安全助手
卡拉蜂
卡拉蜂唱录软件
开达音乐盒
开心五子棋
看图大眼睛
抗日-血战上海滩
稞麦综合视频下载(xmlbar)(仅移除)
可乐视频社区
可牛看图
可牛影像
刻录专家
恐龙快打(cadillacs and dinosaurs)
酷吧音乐盒
酷播影视
酷点
酷狗
酷狗音乐
酷狗游戏盒
酷果相册
酷酷dj音乐播放器
酷米动画台
酷盘
酷屏
酷热影音
酷我
酷我K歌
酷我音乐
酷我音乐盒
酷我游戏
酷压
酷邮
快吧游戏
快播
快车
快车(FlashGet)
快快游戏
快乐西游
快乐影音
快屏
快屏桌面管家
快速访问助手
快速抠图
快拖
快玩
快压
快用苹果助手
快用资源管理器
快鱼视频
宽带我世界
狂雷高清flv视频下载平台(raydown)
狂雷高清视频下载软件(raydown)
狂雷视频下载平台
狂雷视频下载平台 1.2
赖子山庄视频游戏大厅
蓝光影音mp3分割器
蓝光影音mp3录音机
懒骨头网络音乐播放器
乐辞
乐关联
乐乐游戏盒
乐视视频
乐视网络电视
乐透游戏
乐鱼影音盒
李靖瑜个人主页__mp3录音机
历史记录管理器
俪影
连连看
联想成才学院
联想服务通
联想宽带应用平台
联想驱动与软件安装
联想拯救系统
联众保皇
联众斗地主
联众飞行棋
联众疯狂斗地主
联众疯狂升级
联众拱猪
联众够级
联众军旗
联众麻将
联众魔域
联众三打一
联众升级
联众世界
联众跳棋
联众威海保皇
联众五子棋
联众象棋
联众象棋转播客户端
联众新版保皇
联众新版象棋
联众游戏大厅
联众中国象棋
聊伴
聊聊视频聊天
聊聊语音交友
聊聊语音视频聊天
猎豹安全浏览器
猎豹免费WiFi
流量矿石系统
流星蝴蝶剑
流星网络电视
六分娱乐
龙卷风网络收音机
龙骑士online
龙之谷
鲁大师
录音能手
罗马帝国复兴
绿豆浏览器
绿色浏览器
绿鹰pc万能精灵
绿鹰安全精灵
绿鹰安全精灵 6.42
麦克风
麦客疯
麦圈
猫猫音乐盒
毛毛游戏
冒险岛
媒体下载大师
美女汇
美女聊天
美女营
美女约会
美图大师
美图化妆秀
美图看看
美图拍拍
美图淘淘
美图秀秀
梦畅电脑闹钟
梦幻播放器
梦幻国度
梦幻媒体播放器
梦幻西游
梦幻西游ii屏保.scr
梦幻桌面
梦三国
咪咕音乐
咪咪桌面时钟
迷你cad图纸查看器
迷你背单词
迷你歌词(minilyrics)
迷你酷狗
迷你快车(flashgetmini)
迷你快车(flashgetmini)-1.3版
迷你天气通
迷你迅雷
迷你桌面气象台
面对面视频游戏世界
喵喵MP3播放器
民星时代影像软件
敏捷恢复
名商通sms
明星3缺1 单机版
明星三缺一
命令与征服
模拟人生
魔豆精灵
魔法门
魔法门之英雄无敌
魔法情书
魔方
魔盒
魔镜qq斗地主2打1看牌器
魔镜qq斗地主记牌器
魔镜qq火拼双扣记牌器
魔乐手机管家
魔录大师
魔兽世界
魔兽小助手
魔兽争霸
魔术情书
魔影工厂
魔域传说
能飞英语视听学习机
你心中的明星
逆战
牛牛桌面管理大师
纽扣2010
趴趴歌词秀
拍客秀 picsuu
拍拍部落
跑跑卡丁车
跑跑卡丁车漂移刷钱外挂
跑跑卡丁车专用下载器
泡泡堂
泡泡西音乐精灵
泡泡游戏
炮炮火枪手
飘飘
屏宝万年历系统
屏幕录像专家
扑克游戏 免费版本
七色花·少儿儿歌故事大师
齐齐互动视频
奇迹
奇迹世界
奇热影视盒
骑士飞行棋
起凡游戏平台
千彩手写识别系统
千脑云电脑
千千静听
千千网络电视
潜移默化学英语 5.57
抢滩登陆战
亲宝儿歌宝盒
亲朋棋牌
青鹏华夏
青苹果
青苹果播放器
青娱乐
轻松水印
驱动集成工具
驱动人生
驱动人生6
趣聊
全能助手
拳皇i
确然影音
热血传奇
人人网相册上传工具
人人游戏助手
人人桌面
人生日历
忍者神龟(teenage mutant ninja turtles)
日语考试通
日语五十音速成一日通
如意淘
瑞星
瑞星软件部署系统
赛博qq
赛猫购购
三国群英传2
三国志
三维之家
色彩风暴
珊瑚虫 2007
闪电-视频合并王
汕江打字通
上游棋牌
射手播放器
射手影音播放器
深度美化主题包
深圳市住房公积金管理中心客户端
神鬼传奇
神马影视
神泣
生化危机
生意通
圣安地列斯
盛大富翁
盛大微网游
盛大下载器
时光日历
时间专家（king time）
实况足球
实用的flash播放器
世纪前线测速
世界之窗
世界之窗浏览器
视彩听虹
视频编辑专家
视频分割专家
视频截图王
手机酷狗
手机顽童圣诞特别版
手游快车
首趣
数据银行
数码大师
数码特效制作系统
数码相册大师
刷机精灵
水浒q传
水晶连连看
水晶王
硕鼠
硕思闪客精灵
四川麻将online
搜狗壁纸
搜狗音乐盒
搜狗桌面助手
搜狐播放器
搜狐电视机
搜狐电视机网页版
搜狐影音
搜狐游戏大厅
搜迅
速配歌词
速游
速游网络加速器
随播高清影视
随乐空间
胎教音乐播放器
台球
唐门武尊
唐人街
唐诗三百首
糖果音乐
淘宝浏览器
淘宝旺旺
淘宝助理
淘宝助理5
淘低价
淘淘搜比价(淘同款)
淘同款购物助手
腾龙备份大师
腾讯QQ2011
腾讯QQ2012
腾讯QQ2012(安全防护)
腾讯QQ2013
腾讯视频
腾讯手机管家
腾讯手机助手
腾讯搜搜e点通
腾讯信息助理
天地融
天会桌面
天骄ii
天空冒险岛宝典
天人视频
天人视频 ppntv
天天看高清影视
天天网络图片查看
天翼宽带
天翼视讯pc版
天翼网盘
天音解霸
天音听听
天正建筑TArch8
甜椒刷机助手
跳舞吧多人视频空间
同步助手
同城游大厅
同城游戏大厅
童梦online
瞳孔聊天室
统一软件
投名状
图袋
图片批量处理器
吐司传情专家
吐司传请专家
推箱子
拖把更名器
歪歪
豌豆荚
豌豆荚手机精灵
完美解码
完美卸载
完美卸载v2009
完美卸载v2009 build 26.62
完美者影音转码
玩转手机
万帝私密相册
万能五笔内置版
万能五笔外挂版
汪来留声机电唱机
网际飞音
网际快车
网际速递通用版
网络保护
网络传送带
网络媒体播放器
网络魔方
网络鹦鹉(中英文朗读软件)
网页迅雷2009
网易cc
网易popo
网易泡泡
网易软件管理器
网易闪电邮
网易闪印
网易音乐盒
网易右键邮
网游加速小助手(通用版)
网游快车
网站整站下载器
网址哨兵
微博air
微博桌面2012
微端页游大厅
微盘
微软必应词典
微云
为暴风转码
唯影视频下载器
维棠flv视频下载软件
问道
问道精灵刷钱经验外挂
问剑
我爱背单词
我爱背句子
我爱大头
我爱小游戏
我的取色器
我家我设计
我要地图桌面版
无极影音
无人岛物语
五笔打字员
西瓜播放器
西西软件盒
希望online
虾歌
侠盗飞车
仙剑奇侠传
先知起名大师
现代汉语词典
相册精灵
象棋巫师
逍遥笔手写识别输入
小Q书桌
小霸王游戏机珍藏84合1
小白软件管家
小菜桌面
小喇叭播放器
小魔
小朋友拼拼看
小说下载阅读器
小小图片下载器
小新日历
小熊梦工厂
小熊天气
校内通
效能日记本
效能桌面便笺
卸载koowolyrics
卸载超级泡泡龙
卸载风水算命大师
卸载酷我k歌
卸载酷我音乐盒
卸载连连块
卸载联众程序
卸载网通adsl拨号专用版
卸载香格里拉
卸载星空极速客户端
心理游戏与分析
新概念英语学习机
新华字典词典
新浪9158虚拟视频
新浪show
新浪uc
新浪uc talk
新浪ut game
新浪点点通
新浪魔方
新浪网络游戏大厅
新浪直播
新联想100分帮助演示
新联想100分学校
新年迎春版
星辰变
星光高清视频下载软件
星际争霸
秀我音乐盒
虚拟相册制作系统
轩辕传奇
炫彩新视听(flowery media player)
渲染巨匠
学英语-动画学音标
学英语-口语与单词
雪狐桌面精灵
寻仙
迅播gvod播放器
迅雷
迅雷5
迅雷7
迅雷VIP尊享版
迅雷大全
迅雷大全看视频
迅雷精简版
迅雷看看播放器
迅雷看看-高清影视
迅雷网游加速器
迅雷游戏盒子
迅眼看书
迅音听听
迅邮邮件群发王
迅游
迅游2008
迅游网游加速器
压缩加密安装宝
雅虎通
眼睛护士（eyefoo）
阳光个人助理 1.35
一起打牌视频游戏
一起来音乐助手
一听音乐盒
亿图图示专家
易笔易画
易福娃
易互游
易三国
易速比特网游加速器
易特商店宝
音乐FM
音乐吧
音乐报时系统
音乐石头
音魔在线收音机
音频编辑大师
音频混音剪辑大师
音频转化大师
音速启动
印易得
英雄传说：空之轨迹3rd 简体中文版
英雄连
英雄联盟
英语八哥
英语单词全能记忆王
英语教师
英语口语对话王 2008
英语口语对话王 2009
英语学习王 2009.0327 真人发音版
影集相册制作系统
影楼电子相册制作系统
影视屏王
影视搜索
影音播放王
影音传送带
影音风暴
影音先锋
影音嗅探专家
影音之星
影音转霸
永恒之塔
优播高清影视
优酷
优酷客户端
优你客
悠视视频
尤里的复仇
游戏茶苑
游戏盒
游戏优化大师
游迅游戏盒
有道词典
有道音乐盒
有道云笔记
有道桌面词典
有福艺术家
鱼鱼桌面
语酷娱乐交友
御龙在天
远航游戏
远航游戏中心
月光宝盒
云端桌面
在线小说阅读器
粘粘世界
战地之王
长江七号网络电视
掌中影音伴侣
折子购物
征服
征途
正宗广东麻将
正宗中国麻将
植物大战僵尸
植物大战僵尸2010年度版
智能ABC
智能手机工作室
中国电信10000管家
中国互动游戏中心
中国网通cncmax客户端
中国五千年诗词文库
中国象棋
中国移动手机桌面助理
中国游戏中心
中国游戏中心新台球
中国之声网络收音机
中华通网络电话
中华压缩【chinazip】
中望cad
周公解梦
抓抓手机伴侣
抓抓掌中娱乐大厅
桌q(2d桌球)角色版
桌秀美化软件
紫丫
自动优化工具
足球经理
祖玛
钻石迷情
最爱小说阅读器
罪恶都市
作曲大师音乐软件简谱五线谱合一版
@bios