TS:1672890533 ID:5000 EC:-1 ad:0 Log:Et
TS:1672890533 ID:5000 EC:-1 ad:0 Log:Et2
TS:1672890533 ID:5000 EC:0 ad:F214E978 Log:
TS:1672890604 ID:5000 EC:-1 ad:0 Log:Et
TS:1672890604 ID:5000 EC:-1 ad:0 Log:Et2
TS:1672890604 ID:5000 EC:0 ad:F214E978 Log:
TS:1672890616 ID:5000 EC:-1 ad:0 Log:Et
TS:1672890616 ID:5000 EC:-1 ad:0 Log:Et2
TS:1672890616 ID:5000 EC:0 ad:F214E978 Log:
TS:1672890704 ID:5000 EC:-1 ad:0 Log:Et
TS:1672890704 ID:5000 EC:-1 ad:0 Log:Et2
TS:1672890704 ID:5000 EC:0 ad:F214E978 Log:
TS:1672891038 ID:5000 EC:-1 ad:0 Log:Et
TS:1672891038 ID:5000 EC:-1 ad:0 Log:Et2
TS:1672891038 ID:5000 EC:0 ad:F214E978 Log:
TS:1672891100 ID:5000 EC:-1 ad:0 Log:Et
TS:1672891100 ID:5000 EC:-1 ad:0 Log:Et2
TS:1672891100 ID:5000 EC:0 ad:F214E978 Log:
TS:1672891729 ID:5000 EC:-1 ad:0 Log:Et
TS:1672891729 ID:5000 EC:-1 ad:0 Log:Et2
TS:1672891729 ID:5000 EC:0 ad:F214E978 Log:
TS:1672891790 ID:5000 EC:-1 ad:0 Log:Et
TS:1672891790 ID:5000 EC:-1 ad:0 Log:Et2
TS:1672891790 ID:5000 EC:0 ad:F214E978 Log:
TS:1672906192 ID:5000 EC:-1 ad:0 Log:Et
TS:1672906192 ID:5000 EC:-1 ad:0 Log:Et2
TS:1672906192 ID:5000 EC:0 ad:F214E978 Log:
TS:1672918531 ID:5000 EC:-1 ad:0 Log:Et
TS:1672918531 ID:5000 EC:-1 ad:0 Log:Et2
TS:1672918531 ID:5000 EC:0 ad:F214E978 Log:
TS:1672920592 ID:5000 EC:-1 ad:0 Log:Et
TS:1672920592 ID:5000 EC:-1 ad:0 Log:Et2
TS:1672920592 ID:5000 EC:0 ad:F214E978 Log:
TS:1672964535 ID:5000 EC:-1 ad:0 Log:Et
TS:1672964535 ID:5000 EC:-1 ad:0 Log:Et2
TS:1672964535 ID:5000 EC:0 ad:F214E978 Log:
TS:1672964596 ID:5000 EC:-1 ad:0 Log:Et
TS:1672964596 ID:5000 EC:-1 ad:0 Log:Et2
TS:1672964596 ID:5000 EC:0 ad:F214E978 Log:
TS:1672999770 ID:5000 EC:-1 ad:0 Log:Et
TS:1672999770 ID:5000 EC:-1 ad:0 Log:Et2
TS:1672999770 ID:5000 EC:0 ad:F214E978 Log:
TS:1672999831 ID:5000 EC:-1 ad:0 Log:Et
TS:1672999831 ID:5000 EC:-1 ad:0 Log:Et2
TS:1672999831 ID:5000 EC:0 ad:F214E978 Log:
TS:1673001485 ID:5000 EC:-1 ad:0 Log:Et
TS:1673001485 ID:5000 EC:-1 ad:0 Log:Et2
TS:1673001485 ID:5000 EC:0 ad:F214E978 Log:
TS:1673014231 ID:5000 EC:-1 ad:0 Log:Et
TS:1673014231 ID:5000 EC:-1 ad:0 Log:Et2
TS:1673014231 ID:5000 EC:0 ad:F214E978 Log:
TS:1673084028 ID:5000 EC:-1 ad:0 Log:Et
TS:1673084028 ID:5000 EC:-1 ad:0 Log:Et2
TS:1673084078 ID:5000 EC:-1 ad:0 Log:Et
TS:1673084078 ID:5000 EC:-1 ad:0 Log:Et2
TS:1673084078 ID:5000 EC:0 ad:F214E978 Log:
TS:1673084089 ID:5000 EC:-1 ad:0 Log:Et
TS:1673084089 ID:5000 EC:-1 ad:0 Log:Et2
TS:1673084028 ID:5000 EC:0 ad:F214E978 Log:
TS:1673084089 ID:5000 EC:0 ad:F214E978 Log:
TS:1673096300 ID:5000 EC:-1 ad:0 Log:Et
TS:1673096300 ID:5000 EC:-1 ad:0 Log:Et2
TS:1673096300 ID:5000 EC:0 ad:F214E978 Log:
TS:1673098491 ID:5000 EC:-1 ad:0 Log:Et
TS:1673098491 ID:5000 EC:-1 ad:0 Log:Et2
TS:1673098491 ID:5000 EC:0 ad:F214E978 Log:
TS:1673171872 ID:5000 EC:-1 ad:0 Log:Et
TS:1673171872 ID:5000 EC:-1 ad:0 Log:Et2
TS:1673171931 ID:5000 EC:-1 ad:0 Log:Et
TS:1673171931 ID:5000 EC:-1 ad:0 Log:Et2
TS:1673171872 ID:5000 EC:0 ad:F214E978 Log:
TS:1673171931 ID:5000 EC:0 ad:F214E978 Log:
TS:1673186331 ID:5000 EC:-1 ad:0 Log:Et
TS:1673186331 ID:5000 EC:-1 ad:0 Log:Et2
TS:1673186331 ID:5000 EC:0 ad:F214E978 Log:
TS:1673225493 ID:5000 EC:-1 ad:0 Log:Et
TS:1673225493 ID:5000 EC:-1 ad:0 Log:Et2
TS:1673225493 ID:5000 EC:0 ad:F214E978 Log:
TS:1673225554 ID:5000 EC:-1 ad:0 Log:Et
TS:1673225554 ID:5000 EC:-1 ad:0 Log:Et2
TS:1673225554 ID:5000 EC:0 ad:F214E978 Log:
TS:1673229511 ID:5000 EC:-1 ad:0 Log:Et
TS:1673229511 ID:5000 EC:-1 ad:0 Log:Et2
TS:1673229572 ID:5000 EC:-1 ad:0 Log:Et
TS:1673229572 ID:5000 EC:-1 ad:0 Log:Et2
TS:1673229511 ID:5000 EC:0 ad:2B672FB7 Log:
TS:1673229572 ID:5000 EC:0 ad:2B672FB7 Log:
TS:1673243973 ID:5000 EC:-1 ad:0 Log:Et
TS:1673243973 ID:5000 EC:-1 ad:0 Log:Et2
TS:1673243973 ID:5000 EC:0 ad:2B672FB7 Log:
TS:1673246613 ID:5000 EC:-1 ad:0 Log:Et
TS:1673246613 ID:5000 EC:-1 ad:0 Log:Et2
TS:1673246674 ID:5000 EC:-1 ad:0 Log:Et
TS:1673246674 ID:5000 EC:-1 ad:0 Log:Et2
TS:1673247663 ID:5000 EC:-1 ad:0 Log:Et
TS:1673247663 ID:5000 EC:-1 ad:0 Log:Et2
TS:1673247724 ID:5000 EC:-1 ad:0 Log:Et
TS:1673247724 ID:5000 EC:-1 ad:0 Log:Et2
TS:1673248081 ID:5000 EC:-1 ad:0 Log:Et
TS:1673248081 ID:5000 EC:-1 ad:0 Log:Et2
TS:1673248142 ID:5000 EC:-1 ad:0 Log:Et
TS:1673248142 ID:5000 EC:-1 ad:0 Log:Et2
TS:1673249906 ID:5000 EC:-1 ad:0 Log:Et
TS:1673249906 ID:5000 EC:-1 ad:0 Log:Et2
TS:1673249967 ID:5000 EC:-1 ad:0 Log:Et
TS:1673249967 ID:5000 EC:-1 ad:0 Log:Et2
TS:1673250521 ID:5000 EC:-1 ad:0 Log:Et
TS:1673250521 ID:5000 EC:-1 ad:0 Log:Et2
TS:1673250582 ID:5000 EC:-1 ad:0 Log:Et
TS:1673250582 ID:5000 EC:-1 ad:0 Log:Et2
TS:1673250521 ID:5000 EC:0 ad:2B672FB7 Log:
TS:1673250582 ID:5000 EC:0 ad:2B672FB7 Log:
TS:1673258031 ID:5000 EC:-1 ad:0 Log:Et
TS:1673258031 ID:5000 EC:-1 ad:0 Log:Et2
TS:1673258092 ID:5000 EC:-1 ad:0 Log:Et
TS:1673258092 ID:5000 EC:-1 ad:0 Log:Et2
TS:1673258031 ID:5000 EC:0 ad:F214E978 Log:
TS:1673258092 ID:5000 EC:0 ad:F214E978 Log:
TS:1673272121 ID:5000 EC:-1 ad:0 Log:Et
TS:1673272121 ID:5000 EC:-1 ad:0 Log:Et2
TS:1673272121 ID:5000 EC:0 ad:F214E978 Log:
TS:1673272494 ID:5000 EC:-1 ad:0 Log:Et
TS:1673272494 ID:5000 EC:-1 ad:0 Log:Et2
TS:1673272494 ID:5000 EC:0 ad:F214E978 Log:
TS:1673311886 ID:5000 EC:-1 ad:0 Log:Et
TS:1673311886 ID:5000 EC:-1 ad:0 Log:Et2
TS:1673311947 ID:5000 EC:-1 ad:0 Log:Et
TS:1673311947 ID:5000 EC:-1 ad:0 Log:Et2
TS:1673311886 ID:5000 EC:0 ad:F214E978 Log:
TS:1673311947 ID:5000 EC:0 ad:F214E978 Log:
TS:1673316140 ID:5000 EC:-1 ad:0 Log:Et
TS:1673316140 ID:5000 EC:-1 ad:0 Log:Et2
TS:1673316140 ID:5000 EC:0 ad:2B672FB7 Log:
TS:1673316201 ID:5000 EC:-1 ad:0 Log:Et
TS:1673316201 ID:5000 EC:-1 ad:0 Log:Et2
TS:1673316201 ID:5000 EC:0 ad:2B672FB7 Log:
TS:1673324456 ID:5000 EC:-1 ad:0 Log:Et
TS:1673324456 ID:5000 EC:-1 ad:0 Log:Et2
TS:1673324620 ID:5000 EC:-1 ad:0 Log:Et
TS:1673324620 ID:5000 EC:-1 ad:0 Log:Et2
TS:1673324456 ID:5000 EC:0 ad:2B672FB7 Log:
TS:1673324620 ID:5000 EC:0 ad:2B672FB7 Log:
TS:1673327847 ID:5000 EC:-1 ad:0 Log:Et
TS:1673327847 ID:5000 EC:-1 ad:0 Log:Et2
TS:1673327847 ID:5000 EC:0 ad:2B672FB7 Log:
TS:1673339020 ID:5000 EC:-1 ad:0 Log:Et
TS:1673339020 ID:5000 EC:-1 ad:0 Log:Et2
TS:1673339020 ID:5000 EC:0 ad:2B672FB7 Log:
TS:1673346727 ID:5000 EC:-1 ad:0 Log:Et
TS:1673346727 ID:5000 EC:-1 ad:0 Log:Et2
TS:1673346727 ID:5000 EC:0 ad:F214E978 Log:
TS:1673346788 ID:5000 EC:-1 ad:0 Log:Et
TS:1673346788 ID:5000 EC:-1 ad:0 Log:Et2
TS:1673346788 ID:5000 EC:0 ad:F214E978 Log:
TS:1673356657 ID:5000 EC:-1 ad:0 Log:Et
TS:1673356657 ID:5000 EC:-1 ad:0 Log:Et2
TS:1673356723 ID:5000 EC:-1 ad:0 Log:Et
TS:1673356723 ID:5000 EC:-1 ad:0 Log:Et2
TS:1673356657 ID:5000 EC:0 ad:F214E978 Log:
TS:1673356723 ID:5000 EC:0 ad:F214E978 Log:
TS:1673398293 ID:5000 EC:-1 ad:0 Log:Et
TS:1673398293 ID:5000 EC:-1 ad:0 Log:Et2
TS:1673398354 ID:5000 EC:-1 ad:0 Log:Et
TS:1673398354 ID:5000 EC:-1 ad:0 Log:Et2
TS:1673398293 ID:5000 EC:0 ad:F214E978 Log:
TS:1673398354 ID:5000 EC:0 ad:F214E978 Log:
TS:1673402161 ID:5000 EC:-1 ad:0 Log:Et
TS:1673402161 ID:5000 EC:-1 ad:0 Log:Et2
TS:1673402222 ID:5000 EC:-1 ad:0 Log:Et
TS:1673402222 ID:5000 EC:-1 ad:0 Log:Et2
TS:1673402161 ID:5000 EC:0 ad:F214E978 Log:
TS:1673402222 ID:5000 EC:0 ad:F214E978 Log:
TS:1673406844 ID:5000 EC:-1 ad:0 Log:Et
TS:1673406844 ID:5000 EC:-1 ad:0 Log:Et2
TS:1673406906 ID:5000 EC:-1 ad:0 Log:Et
TS:1673406906 ID:5000 EC:-1 ad:0 Log:Et2
TS:1673406844 ID:5000 EC:0 ad:2B672FB7 Log:
TS:1673406906 ID:5000 EC:0 ad:2B672FB7 Log:
TS:1673412836 ID:5000 EC:-1 ad:0 Log:Et
TS:1673412836 ID:5000 EC:-1 ad:0 Log:Et2
TS:1673412836 ID:5000 EC:0 ad:2B672FB7 Log:
TS:1673412897 ID:5000 EC:-1 ad:0 Log:Et
TS:1673412897 ID:5000 EC:-1 ad:0 Log:Et2
TS:1673412897 ID:5000 EC:0 ad:2B672FB7 Log:
TS:1673427299 ID:5000 EC:-1 ad:0 Log:Et
TS:1673427299 ID:5000 EC:-1 ad:0 Log:Et2
TS:1673427299 ID:5000 EC:0 ad:2B672FB7 Log:
TS:1673431554 ID:5000 EC:-1 ad:0 Log:Et
TS:1673431554 ID:5000 EC:-1 ad:0 Log:Et2
TS:1673431554 ID:5000 EC:0 ad:F214E978 Log:
TS:1673431615 ID:5000 EC:-1 ad:0 Log:Et
TS:1673431615 ID:5000 EC:-1 ad:0 Log:Et2
TS:1673431615 ID:5000 EC:0 ad:F214E978 Log:
TS:1673433080 ID:5000 EC:-1 ad:0 Log:Et
TS:1673433080 ID:5000 EC:-1 ad:0 Log:Et2
TS:1673433080 ID:5000 EC:0 ad:F214E978 Log:
TS:1673433141 ID:5000 EC:-1 ad:0 Log:Et
TS:1673433141 ID:5000 EC:-1 ad:0 Log:Et2
TS:1673433141 ID:5000 EC:0 ad:F214E978 Log:
TS:1673442101 ID:5000 EC:-1 ad:0 Log:Et
TS:1673442101 ID:5000 EC:-1 ad:0 Log:Et2
TS:1673442101 ID:5000 EC:0 ad:F214E978 Log:
TS:1673442162 ID:5000 EC:-1 ad:0 Log:Et
TS:1673442162 ID:5000 EC:-1 ad:0 Log:Et2
TS:1673442162 ID:5000 EC:0 ad:F214E978 Log:
TS:1673442956 ID:5000 EC:-1 ad:0 Log:Et
TS:1673442956 ID:5000 EC:-1 ad:0 Log:Et2
TS:1673442956 ID:5000 EC:0 ad:F214E978 Log:
TS:1673443017 ID:5000 EC:-1 ad:0 Log:Et
TS:1673443017 ID:5000 EC:-1 ad:0 Log:Et2
TS:1673443017 ID:5000 EC:0 ad:F214E978 Log:
TS:1673489148 ID:5000 EC:-1 ad:0 Log:Et
TS:1673489148 ID:5000 EC:-1 ad:0 Log:Et2
TS:1673489148 ID:5000 EC:0 ad:2B672FB7 Log:
TS:1673489209 ID:5000 EC:-1 ad:0 Log:Et
TS:1673489209 ID:5000 EC:-1 ad:0 Log:Et2
TS:1673489209 ID:5000 EC:0 ad:2B672FB7 Log:
TS:1673503610 ID:5000 EC:-1 ad:0 Log:Et
TS:1673503610 ID:5000 EC:-1 ad:0 Log:Et2
TS:1673503610 ID:5000 EC:0 ad:2B672FB7 Log:
TS:1673511526 ID:5000 EC:-1 ad:0 Log:Et
TS:1673511526 ID:5000 EC:-1 ad:0 Log:Et2
TS:1673511526 ID:5000 EC:0 ad:2B672FB7 Log:
TS:1673526659 ID:5000 EC:-1 ad:0 Log:Et
TS:1673526659 ID:5000 EC:-1 ad:0 Log:Et2
TS:1673526659 ID:5000 EC:0 ad:F214E978 Log:
TS:1673526720 ID:5000 EC:-1 ad:0 Log:Et
TS:1673526720 ID:5000 EC:-1 ad:0 Log:Et2
TS:1673526720 ID:5000 EC:0 ad:F214E978 Log:
TS:1673601818 ID:5000 EC:-1 ad:0 Log:Et
TS:1673601819 ID:5000 EC:-1 ad:0 Log:Et2
TS:1673601819 ID:5000 EC:0 ad:F214E978 Log:
TS:1673601876 ID:5000 EC:-1 ad:0 Log:Et
TS:1673601876 ID:5000 EC:-1 ad:0 Log:Et2
TS:1673601876 ID:5000 EC:0 ad:F214E978 Log:
TS:1673616277 ID:5000 EC:-1 ad:0 Log:Et
TS:1673616277 ID:5000 EC:-1 ad:0 Log:Et2
TS:1673616277 ID:5000 EC:0 ad:F214E978 Log:
TS:1673663199 ID:5000 EC:-1 ad:0 Log:Et
TS:1673663199 ID:5000 EC:-1 ad:0 Log:Et2
TS:1673663260 ID:5000 EC:-1 ad:0 Log:Et
TS:1673663260 ID:5000 EC:-1 ad:0 Log:Et2
TS:1673663199 ID:5000 EC:0 ad:2B672FB7 Log:
TS:1673663260 ID:5000 EC:0 ad:2B672FB7 Log:
TS:1673677607 ID:5000 EC:-1 ad:0 Log:Et
TS:1673677607 ID:5000 EC:-1 ad:0 Log:Et2
TS:1673677607 ID:5000 EC:0 ad:2B672FB7 Log:
TS:1673677662 ID:5000 EC:-1 ad:0 Log:Et
TS:1673677662 ID:5000 EC:-1 ad:0 Log:Et2
TS:1673677662 ID:5000 EC:0 ad:2B672FB7 Log:
TS:1673678031 ID:5000 EC:-1 ad:0 Log:Et
TS:1673678031 ID:5000 EC:-1 ad:0 Log:Et2
TS:1673678031 ID:5000 EC:0 ad:2B672FB7 Log:
TS:1673678086 ID:5000 EC:-1 ad:0 Log:Et
TS:1673678086 ID:5000 EC:-1 ad:0 Log:Et2
TS:1673678086 ID:5000 EC:0 ad:2B672FB7 Log:
TS:1673678092 ID:5000 EC:-1 ad:0 Log:Et
TS:1673678092 ID:5000 EC:-1 ad:0 Log:Et2
TS:1673678092 ID:5000 EC:0 ad:2B672FB7 Log:
TS:1673678474 ID:5000 EC:-1 ad:0 Log:Et
TS:1673678474 ID:5000 EC:-1 ad:0 Log:Et2
TS:1673678474 ID:5000 EC:0 ad:2B672FB7 Log:
TS:1673678536 ID:5000 EC:-1 ad:0 Log:Et
TS:1673678536 ID:5000 EC:-1 ad:0 Log:Et2
TS:1673678536 ID:5000 EC:0 ad:2B672FB7 Log:
TS:1673701305 ID:5000 EC:-1 ad:0 Log:Et
TS:1673701305 ID:5000 EC:-1 ad:0 Log:Et2
TS:1673701305 ID:5000 EC:0 ad:F214E978 Log:
TS:1673701366 ID:5000 EC:-1 ad:0 Log:Et
TS:1673701366 ID:5000 EC:-1 ad:0 Log:Et2
TS:1673701366 ID:5000 EC:0 ad:F214E978 Log:
TS:1673708622 ID:5000 EC:-1 ad:0 Log:Et
TS:1673708622 ID:5000 EC:-1 ad:0 Log:Et2
TS:1673708622 ID:5000 EC:0 ad:F214E978 Log:
TS:1673708623 ID:5000 EC:-1 ad:0 Log:Et
TS:1673708623 ID:5000 EC:-1 ad:0 Log:Et2
TS:1673708623 ID:5000 EC:0 ad:F214E978 Log:
TS:1673708683 ID:5000 EC:-1 ad:0 Log:Et
TS:1673708683 ID:5000 EC:-1 ad:0 Log:Et2
TS:1673708683 ID:5000 EC:0 ad:F214E978 Log:
TS:1673746029 ID:5000 EC:-1 ad:0 Log:Et
TS:1673746029 ID:5000 EC:-1 ad:0 Log:Et2
TS:1673746029 ID:5000 EC:0 ad:F214E978 Log:
TS:1673746090 ID:5000 EC:-1 ad:0 Log:Et
TS:1673746090 ID:5000 EC:-1 ad:0 Log:Et2
TS:1673746090 ID:5000 EC:0 ad:F214E978 Log:
TS:1673748883 ID:5000 EC:-1 ad:0 Log:Et
TS:1673748883 ID:5000 EC:-1 ad:0 Log:Et2
TS:1673748883 ID:5000 EC:0 ad:F214E978 Log:
TS:1673750035 ID:5000 EC:-1 ad:0 Log:Et
TS:1673750035 ID:5000 EC:-1 ad:0 Log:Et2
TS:1673750035 ID:5000 EC:0 ad:F214E978 Log:
TS:1673760491 ID:5000 EC:-1 ad:0 Log:Et
TS:1673760491 ID:5000 EC:-1 ad:0 Log:Et2
TS:1673760491 ID:5000 EC:0 ad:F214E978 Log:
TS:1673788240 ID:5000 EC:-1 ad:0 Log:Et
TS:1673788240 ID:5000 EC:-1 ad:0 Log:Et2
TS:1673788240 ID:5000 EC:0 ad:F214E978 Log:
TS:1673788301 ID:5000 EC:-1 ad:0 Log:Et
TS:1673788301 ID:5000 EC:-1 ad:0 Log:Et2
TS:1673788301 ID:5000 EC:0 ad:F214E978 Log:
TS:1673788931 ID:5000 EC:-1 ad:0 Log:Et
TS:1673788931 ID:5000 EC:-1 ad:0 Log:Et2
TS:1673788992 ID:5000 EC:-1 ad:0 Log:Et
TS:1673788992 ID:5000 EC:-1 ad:0 Log:Et2
TS:1673788931 ID:5000 EC:0 ad:F214E978 Log:
TS:1673788992 ID:5000 EC:0 ad:F214E978 Log:
TS:1673792423 ID:5000 EC:-1 ad:0 Log:Et
TS:1673792423 ID:5000 EC:-1 ad:0 Log:Et2
TS:1673792423 ID:5000 EC:0 ad:F214E978 Log:
TS:1673792485 ID:5000 EC:-1 ad:0 Log:Et
TS:1673792485 ID:5000 EC:-1 ad:0 Log:Et2
TS:1673792485 ID:5000 EC:0 ad:F214E978 Log:
TS:1673836148 ID:5000 EC:-1 ad:0 Log:Et
TS:1673836148 ID:5000 EC:-1 ad:0 Log:Et2
TS:1673836209 ID:5000 EC:-1 ad:0 Log:Et
TS:1673836209 ID:5000 EC:-1 ad:0 Log:Et2
TS:1673836148 ID:5000 EC:0 ad:2B672FB7 Log:
TS:1673836209 ID:5000 EC:0 ad:2B672FB7 Log:
TS:1673837089 ID:5000 EC:-1 ad:0 Log:Et
TS:1673837089 ID:5000 EC:-1 ad:0 Log:Et2
TS:1673837089 ID:5000 EC:0 ad:2B672FB7 Log:
TS:1673837182 ID:5000 EC:-1 ad:0 Log:Et
TS:1673837182 ID:5000 EC:-1 ad:0 Log:Et2
TS:1673837182 ID:5000 EC:0 ad:2B672FB7 Log:
TS:1673837243 ID:5000 EC:-1 ad:0 Log:Et
TS:1673837243 ID:5000 EC:-1 ad:0 Log:Et2
TS:1673837243 ID:5000 EC:0 ad:2B672FB7 Log:
TS:1673838088 ID:5000 EC:-1 ad:0 Log:Et
TS:1673838088 ID:5000 EC:-1 ad:0 Log:Et2
TS:1673838088 ID:5000 EC:0 ad:2B672FB7 Log:
TS:1673838149 ID:5000 EC:-1 ad:0 Log:Et
TS:1673838149 ID:5000 EC:-1 ad:0 Log:Et2
TS:1673838149 ID:5000 EC:0 ad:2B672FB7 Log:
TS:1673852551 ID:5000 EC:-1 ad:0 Log:Et
TS:1673852551 ID:5000 EC:-1 ad:0 Log:Et2
TS:1673852551 ID:5000 EC:0 ad:2B672FB7 Log:
TS:1673867758 ID:5000 EC:-1 ad:0 Log:Et
TS:1673867758 ID:5000 EC:-1 ad:0 Log:Et2
TS:1673867819 ID:5000 EC:-1 ad:0 Log:Et
TS:1673867819 ID:5000 EC:-1 ad:0 Log:Et2
TS:1673867965 ID:5000 EC:-1 ad:0 Log:Et
TS:1673867965 ID:5000 EC:-1 ad:0 Log:Et2
TS:1673877194 ID:5000 EC:-1 ad:0 Log:Et
TS:1673877194 ID:5000 EC:-1 ad:0 Log:Et2
TS:1673877194 ID:5000 EC:0 ad:F214E978 Log:
TS:1673877255 ID:5000 EC:-1 ad:0 Log:Et
TS:1673877255 ID:5000 EC:-1 ad:0 Log:Et2
TS:1673877255 ID:5000 EC:0 ad:F214E978 Log:
TS:1673917449 ID:5000 EC:-1 ad:0 Log:Et
TS:1673917449 ID:5000 EC:-1 ad:0 Log:Et2
TS:1673917449 ID:5000 EC:0 ad:F214E978 Log:
TS:1673917510 ID:5000 EC:-1 ad:0 Log:Et
TS:1673917510 ID:5000 EC:-1 ad:0 Log:Et2
TS:1673917510 ID:5000 EC:0 ad:F214E978 Log:
TS:1673925223 ID:5000 EC:-1 ad:0 Log:Et
TS:1673925223 ID:5000 EC:-1 ad:0 Log:Et2
TS:1673925284 ID:5000 EC:-1 ad:0 Log:Et
TS:1673925284 ID:5000 EC:-1 ad:0 Log:Et2
TS:1673925223 ID:5000 EC:5 ad:0 Log:
TS:1673925284 ID:5000 EC:0 ad:2B672FB7 Log:
TS:1673925223 ID:5000 EC:0 ad:2B672FB7 Log:
TS:1673943042 ID:5000 EC:-1 ad:0 Log:Et
TS:1673943042 ID:5000 EC:-1 ad:0 Log:Et2
TS:1673943042 ID:5000 EC:0 ad:2B672FB7 Log:
TS:1673956108 ID:5000 EC:-1 ad:0 Log:Et
TS:1673956108 ID:5000 EC:-1 ad:0 Log:Et2
TS:1673956108 ID:5000 EC:0 ad:F214E978 Log:
TS:1673956169 ID:5000 EC:-1 ad:0 Log:Et
TS:1673956169 ID:5000 EC:-1 ad:0 Log:Et2
TS:1673956169 ID:5000 EC:0 ad:F214E978 Log:
TS:1674008648 ID:5000 EC:-1 ad:0 Log:Et
TS:1674008648 ID:5000 EC:-1 ad:0 Log:Et2
TS:1674008709 ID:5000 EC:-1 ad:0 Log:Et
TS:1674008709 ID:5000 EC:-1 ad:0 Log:Et2
TS:1674008648 ID:5000 EC:5 ad:0 Log:
TS:1674008709 ID:5000 EC:0 ad:2B672FB7 Log:
TS:1674008648 ID:5000 EC:0 ad:2B672FB7 Log:
TS:1674026620 ID:5000 EC:-1 ad:0 Log:Et
TS:1674026620 ID:5000 EC:-1 ad:0 Log:Et2
TS:1674026620 ID:5000 EC:0 ad:2B672FB7 Log:
TS:1674047639 ID:5000 EC:-1 ad:0 Log:Et
TS:1674047639 ID:5000 EC:-1 ad:0 Log:Et2
TS:1674047700 ID:5000 EC:-1 ad:0 Log:Et
TS:1674047700 ID:5000 EC:-1 ad:0 Log:Et2
TS:1674047639 ID:5000 EC:0 ad:F214E978 Log:
TS:1674047700 ID:5000 EC:0 ad:F214E978 Log:
TS:1674052147 ID:5000 EC:-1 ad:0 Log:Et
TS:1674052147 ID:5000 EC:-1 ad:0 Log:Et2
TS:1674052147 ID:5000 EC:0 ad:F214E978 Log:
TS:1674052208 ID:5000 EC:-1 ad:0 Log:Et
TS:1674052208 ID:5000 EC:-1 ad:0 Log:Et2
TS:1674052208 ID:5000 EC:0 ad:F214E978 Log:
TS:1674091861 ID:5000 EC:-1 ad:0 Log:Et
TS:1674091861 ID:5000 EC:-1 ad:0 Log:Et2
TS:1674091861 ID:5000 EC:0 ad:F214E978 Log:
TS:1674091922 ID:5000 EC:-1 ad:0 Log:Et
TS:1674091922 ID:5000 EC:-1 ad:0 Log:Et2
TS:1674091922 ID:5000 EC:0 ad:F214E978 Log:
TS:1674096113 ID:5000 EC:-1 ad:0 Log:Et
TS:1674096113 ID:5000 EC:-1 ad:0 Log:Et2
TS:1674096113 ID:5000 EC:0 ad:F214E978 Log:
TS:1674096174 ID:5000 EC:-1 ad:0 Log:Et
TS:1674096174 ID:5000 EC:-1 ad:0 Log:Et2
TS:1674096174 ID:5000 EC:0 ad:F214E978 Log:
TS:1674110647 ID:5000 EC:-1 ad:0 Log:Et
TS:1674110647 ID:5000 EC:-1 ad:0 Log:Et2
TS:1674110647 ID:5000 EC:0 ad:F214E978 Log:
TS:1674127563 ID:5000 EC:-1 ad:0 Log:Et
TS:1674127563 ID:5000 EC:-1 ad:0 Log:Et2
TS:1674127625 ID:5000 EC:-1 ad:0 Log:Et
TS:1674127625 ID:5000 EC:-1 ad:0 Log:Et2
TS:1674127563 ID:5000 EC:0 ad:F214E978 Log:
TS:1674127625 ID:5000 EC:0 ad:F214E978 Log:
TS:1674138189 ID:5000 EC:-1 ad:0 Log:Et
TS:1674138189 ID:5000 EC:-1 ad:0 Log:Et2
TS:1674138189 ID:5000 EC:0 ad:F214E978 Log:
TS:1674179727 ID:5000 EC:-1 ad:0 Log:Et
TS:1674179727 ID:5000 EC:-1 ad:0 Log:Et2
TS:1674179727 ID:5000 EC:0 ad:F214E978 Log:
TS:1674179788 ID:5000 EC:-1 ad:0 Log:Et
TS:1674179788 ID:5000 EC:-1 ad:0 Log:Et2
TS:1674179788 ID:5000 EC:0 ad:F214E978 Log:
TS:1674195298 ID:5000 EC:-1 ad:0 Log:Et
TS:1674195298 ID:5000 EC:-1 ad:0 Log:Et2
TS:1674195298 ID:5000 EC:0 ad:F214E978 Log:
TS:1674195359 ID:5000 EC:-1 ad:0 Log:Et
TS:1674195359 ID:5000 EC:-1 ad:0 Log:Et2
TS:1674195359 ID:5000 EC:0 ad:F214E978 Log:
TS:1674210034 ID:5000 EC:-1 ad:0 Log:Et
TS:1674210034 ID:5000 EC:-1 ad:0 Log:Et2
TS:1674210034 ID:5000 EC:0 ad:F214E978 Log:
TS:1674211285 ID:5000 EC:-1 ad:0 Log:Et
TS:1674211285 ID:5000 EC:-1 ad:0 Log:Et2
TS:1674211285 ID:5000 EC:0 ad:F214E978 Log:
TS:1674211346 ID:5000 EC:-1 ad:0 Log:Et
TS:1674211346 ID:5000 EC:-1 ad:0 Log:Et2
TS:1674211346 ID:5000 EC:0 ad:F214E978 Log:
TS:1674214460 ID:5000 EC:-1 ad:0 Log:Et
TS:1674214460 ID:5000 EC:-1 ad:0 Log:Et2
TS:1674214460 ID:5000 EC:0 ad:F214E978 Log:
TS:1674214521 ID:5000 EC:-1 ad:0 Log:Et
TS:1674214521 ID:5000 EC:-1 ad:0 Log:Et2
TS:1674214521 ID:5000 EC:0 ad:F214E978 Log:
TS:1674223114 ID:5000 EC:-1 ad:0 Log:Et
TS:1674223114 ID:5000 EC:-1 ad:0 Log:Et2
TS:1674223175 ID:5000 EC:-1 ad:0 Log:Et
TS:1674223175 ID:5000 EC:-1 ad:0 Log:Et2
TS:1674223114 ID:5000 EC:0 ad:F214E978 Log:
TS:1674223175 ID:5000 EC:0 ad:F214E978 Log:
TS:1674226038 ID:5000 EC:-1 ad:0 Log:Et
TS:1674226038 ID:5000 EC:-1 ad:0 Log:Et2
TS:1674226038 ID:5000 EC:0 ad:F214E978 Log:
TS:1674226135 ID:5000 EC:-1 ad:0 Log:Et
TS:1674226135 ID:5000 EC:-1 ad:0 Log:Et2
TS:1674226135 ID:5000 EC:0 ad:F214E978 Log:
TS:1674226196 ID:5000 EC:-1 ad:0 Log:Et
TS:1674226196 ID:5000 EC:-1 ad:0 Log:Et2
TS:1674226196 ID:5000 EC:0 ad:F214E978 Log:
TS:1674263151 ID:5000 EC:-1 ad:0 Log:Et
TS:1674263151 ID:5000 EC:-1 ad:0 Log:Et2
TS:1674263151 ID:5000 EC:0 ad:F214E978 Log:
TS:1674263212 ID:5000 EC:-1 ad:0 Log:Et
TS:1674263212 ID:5000 EC:-1 ad:0 Log:Et2
TS:1674263212 ID:5000 EC:0 ad:F214E978 Log:
TS:1674277613 ID:5000 EC:-1 ad:0 Log:Et
TS:1674277613 ID:5000 EC:-1 ad:0 Log:Et2
TS:1674277613 ID:5000 EC:0 ad:F214E978 Log:
TS:1674292525 ID:5000 EC:-1 ad:0 Log:Et
TS:1674292525 ID:5000 EC:-1 ad:0 Log:Et2
TS:1674292586 ID:5000 EC:-1 ad:0 Log:Et
TS:1674292586 ID:5000 EC:-1 ad:0 Log:Et2
TS:1674292525 ID:5000 EC:5 ad:0 Log:
TS:1674292586 ID:5000 EC:0 ad:F214E978 Log:
TS:1674292525 ID:5000 EC:0 ad:F214E978 Log:
TS:1674294013 ID:5000 EC:-1 ad:0 Log:Et
TS:1674294013 ID:5000 EC:-1 ad:0 Log:Et2
TS:1674294013 ID:5000 EC:0 ad:F214E978 Log:
TS:1674294074 ID:5000 EC:-1 ad:0 Log:Et
TS:1674294074 ID:5000 EC:-1 ad:0 Log:Et2
TS:1674294074 ID:5000 EC:0 ad:F214E978 Log:
TS:1674294128 ID:5000 EC:-1 ad:0 Log:Et
TS:1674294128 ID:5000 EC:-1 ad:0 Log:Et2
TS:1674294128 ID:5000 EC:0 ad:F214E978 Log:
TS:1674294189 ID:5000 EC:-1 ad:0 Log:Et
TS:1674294189 ID:5000 EC:-1 ad:0 Log:Et2
TS:1674294189 ID:5000 EC:0 ad:F214E978 Log:
TS:1674299258 ID:5000 EC:-1 ad:0 Log:Et
TS:1674299258 ID:5000 EC:-1 ad:0 Log:Et2
TS:1674299258 ID:5000 EC:0 ad:F214E978 Log:
TS:1674299319 ID:5000 EC:-1 ad:0 Log:Et
TS:1674299319 ID:5000 EC:-1 ad:0 Log:Et2
TS:1674299319 ID:5000 EC:0 ad:F214E978 Log:
TS:1674361353 ID:5000 EC:-1 ad:0 Log:Et
TS:1674361353 ID:5000 EC:-1 ad:0 Log:Et2
TS:1674361353 ID:5000 EC:0 ad:F214E978 Log:
TS:1674361413 ID:5000 EC:-1 ad:0 Log:Et
TS:1674361413 ID:5000 EC:-1 ad:0 Log:Et2
TS:1674361413 ID:5000 EC:0 ad:F214E978 Log:
TS:1674379961 ID:5000 EC:-1 ad:0 Log:Et
TS:1674379961 ID:5000 EC:-1 ad:0 Log:Et2
TS:1674379961 ID:5000 EC:0 ad:F214E978 Log:
TS:1674394362 ID:5000 EC:-1 ad:0 Log:Et
TS:1674394362 ID:5000 EC:-1 ad:0 Log:Et2
TS:1674394362 ID:5000 EC:0 ad:F214E978 Log:
TS:1674442812 ID:5000 EC:-1 ad:0 Log:Et
TS:1674442812 ID:5000 EC:-1 ad:0 Log:Et2
TS:1674442812 ID:5000 EC:0 ad:F214E978 Log:
TS:1674442873 ID:5000 EC:-1 ad:0 Log:Et
TS:1674442873 ID:5000 EC:-1 ad:0 Log:Et2
TS:1674442873 ID:5000 EC:0 ad:F214E978 Log:
TS:1674457394 ID:5000 EC:-1 ad:0 Log:Et
TS:1674457395 ID:5000 EC:-1 ad:0 Log:Et2
TS:1674457395 ID:5000 EC:0 ad:F214E978 Log:
TS:1674472233 ID:5000 EC:-1 ad:0 Log:Et
TS:1674472233 ID:5000 EC:-1 ad:0 Log:Et2
TS:1674472233 ID:5000 EC:0 ad:F214E978 Log:
TS:1674527899 ID:5000 EC:-1 ad:0 Log:Et
TS:1674527899 ID:5000 EC:-1 ad:0 Log:Et2
TS:1674527899 ID:5000 EC:0 ad:F214E978 Log:
TS:1674527961 ID:5000 EC:-1 ad:0 Log:Et
TS:1674527961 ID:5000 EC:-1 ad:0 Log:Et2
TS:1674527961 ID:5000 EC:0 ad:F214E978 Log:
TS:1674542362 ID:5000 EC:-1 ad:0 Log:Et
TS:1674542362 ID:5000 EC:-1 ad:0 Log:Et2
TS:1674542362 ID:5000 EC:0 ad:F214E978 Log:
TS:1674545819 ID:5000 EC:-1 ad:0 Log:Et
TS:1674545819 ID:5000 EC:-1 ad:0 Log:Et2
TS:1674545819 ID:5000 EC:0 ad:F214E978 Log:
TS:1674545880 ID:5000 EC:-1 ad:0 Log:Et
TS:1674545880 ID:5000 EC:-1 ad:0 Log:Et2
TS:1674545880 ID:5000 EC:0 ad:F214E978 Log:
TS:1674560281 ID:5000 EC:-1 ad:0 Log:Et
TS:1674560281 ID:5000 EC:-1 ad:0 Log:Et2
TS:1674560281 ID:5000 EC:0 ad:F214E978 Log:
TS:1674614051 ID:5000 EC:-1 ad:0 Log:Et
TS:1674614051 ID:5000 EC:-1 ad:0 Log:Et2
TS:1674614051 ID:5000 EC:0 ad:F214E978 Log:
TS:1674614112 ID:5000 EC:-1 ad:0 Log:Et
TS:1674614112 ID:5000 EC:-1 ad:0 Log:Et2
TS:1674614112 ID:5000 EC:0 ad:F214E978 Log:
TS:1674628512 ID:5000 EC:-1 ad:0 Log:Et
TS:1674628512 ID:5000 EC:-1 ad:0 Log:Et2
TS:1674628512 ID:5000 EC:0 ad:F214E978 Log:
TS:1674642913 ID:5000 EC:-1 ad:0 Log:Et
TS:1674642913 ID:5000 EC:-1 ad:0 Log:Et2
TS:1674642913 ID:5000 EC:0 ad:F214E978 Log:
TS:1674657314 ID:5000 EC:-1 ad:0 Log:Et
TS:1674657314 ID:5000 EC:-1 ad:0 Log:Et2
TS:1674657314 ID:5000 EC:0 ad:F214E978 Log:
TS:1674701795 ID:5000 EC:-1 ad:0 Log:Et
TS:1674701795 ID:5000 EC:-1 ad:0 Log:Et2
TS:1674701856 ID:5000 EC:-1 ad:0 Log:Et
TS:1674701856 ID:5000 EC:-1 ad:0 Log:Et2
TS:1674701795 ID:5000 EC:5 ad:0 Log:
TS:1674701856 ID:5000 EC:0 ad:F214E978 Log:
TS:1674701795 ID:5000 EC:0 ad:F214E978 Log:
TS:1674716257 ID:5000 EC:-1 ad:0 Log:Et
TS:1674716257 ID:5000 EC:-1 ad:0 Log:Et2
TS:1674716257 ID:5000 EC:0 ad:F214E978 Log:
TS:1674730659 ID:5000 EC:-1 ad:0 Log:Et
TS:1674730659 ID:5000 EC:-1 ad:0 Log:Et2
TS:1674730659 ID:5000 EC:0 ad:F214E978 Log:
TS:1674745060 ID:5000 EC:-1 ad:0 Log:Et
TS:1674745060 ID:5000 EC:-1 ad:0 Log:Et2
TS:1674745060 ID:5000 EC:0 ad:F214E978 Log:
TS:1674759460 ID:5000 EC:-1 ad:0 Log:Et
TS:1674759460 ID:5000 EC:-1 ad:0 Log:Et2
TS:1674759460 ID:5000 EC:0 ad:F214E978 Log:
TS:1674773861 ID:5000 EC:-1 ad:0 Log:Et
TS:1674773861 ID:5000 EC:-1 ad:0 Log:Et2
TS:1674773861 ID:5000 EC:0 ad:F214E978 Log:
TS:1674788261 ID:5000 EC:-1 ad:0 Log:Et
TS:1674788261 ID:5000 EC:-1 ad:0 Log:Et2
TS:1674788261 ID:5000 EC:0 ad:F214E978 Log:
TS:1674809824 ID:5000 EC:-1 ad:0 Log:Et
TS:1674809824 ID:5000 EC:-1 ad:0 Log:Et2
TS:1674809824 ID:5000 EC:0 ad:F214E978 Log:
TS:1674820518 ID:5000 EC:-1 ad:0 Log:Et
TS:1674820518 ID:5000 EC:-1 ad:0 Log:Et2
TS:1674820579 ID:5000 EC:-1 ad:0 Log:Et
TS:1674820579 ID:5000 EC:-1 ad:0 Log:Et2
TS:1674820518 ID:5000 EC:0 ad:F214E978 Log:
TS:1674820579 ID:5000 EC:0 ad:F214E978 Log:
TS:1674873087 ID:5000 EC:-1 ad:0 Log:Et
TS:1674873087 ID:5000 EC:-1 ad:0 Log:Et2
TS:1674873087 ID:5000 EC:0 ad:F214E978 Log:
TS:1674873148 ID:5000 EC:-1 ad:0 Log:Et
TS:1674873148 ID:5000 EC:-1 ad:0 Log:Et2
TS:1674873148 ID:5000 EC:0 ad:F214E978 Log:
TS:1674887549 ID:5000 EC:-1 ad:0 Log:Et
TS:1674887549 ID:5000 EC:-1 ad:0 Log:Et2
TS:1674887549 ID:5000 EC:0 ad:F214E978 Log:
TS:1674901950 ID:5000 EC:-1 ad:0 Log:Et
TS:1674901950 ID:5000 EC:-1 ad:0 Log:Et2
TS:1674901950 ID:5000 EC:0 ad:F214E978 Log:
TS:1674911043 ID:5000 EC:-1 ad:0 Log:Et
TS:1674911043 ID:5000 EC:-1 ad:0 Log:Et2
TS:1674911043 ID:5000 EC:0 ad:F214E978 Log:
TS:1674911111 ID:5000 EC:-1 ad:0 Log:Et
TS:1674911111 ID:5000 EC:-1 ad:0 Log:Et2
TS:1674911111 ID:5000 EC:0 ad:F214E978 Log:
TS:1674911249 ID:5000 EC:-1 ad:0 Log:Et
TS:1674911249 ID:5000 EC:-1 ad:0 Log:Et2
TS:1674911249 ID:5000 EC:0 ad:F214E978 Log:
TS:1674911330 ID:5000 EC:-1 ad:0 Log:Et
TS:1674911330 ID:5000 EC:-1 ad:0 Log:Et2
TS:1674911330 ID:5000 EC:0 ad:F214E978 Log:
TS:1674914551 ID:5000 EC:-1 ad:0 Log:Et
TS:1674914551 ID:5000 EC:-1 ad:0 Log:Et2
TS:1674914551 ID:5000 EC:0 ad:F214E978 Log:
TS:1674918014 ID:5000 EC:-1 ad:0 Log:Et
TS:1674918014 ID:5000 EC:-1 ad:0 Log:Et2
TS:1674918014 ID:5000 EC:0 ad:F214E978 Log:
TS:1674918075 ID:5000 EC:-1 ad:0 Log:Et
TS:1674918075 ID:5000 EC:-1 ad:0 Log:Et2
TS:1674918075 ID:5000 EC:0 ad:F214E978 Log:
TS:1674956017 ID:5000 EC:-1 ad:0 Log:Et
TS:1674956017 ID:5000 EC:-1 ad:0 Log:Et2
TS:1674956017 ID:5000 EC:0 ad:2B672FB7 Log:
TS:1674956078 ID:5000 EC:-1 ad:0 Log:Et
TS:1674956078 ID:5000 EC:-1 ad:0 Log:Et2
TS:1674956078 ID:5000 EC:0 ad:2B672FB7 Log:
TS:1674957401 ID:5000 EC:-1 ad:0 Log:Et
TS:1674957401 ID:5000 EC:-1 ad:0 Log:Et2
TS:1674957401 ID:5000 EC:0 ad:2B672FB7 Log:
TS:1674965821 ID:5000 EC:-1 ad:0 Log:Et
TS:1674965821 ID:5000 EC:-1 ad:0 Log:Et2
TS:1674965821 ID:5000 EC:0 ad:2B672FB7 Log:
TS:1674973004 ID:5000 EC:-1 ad:0 Log:Et
TS:1674973004 ID:5000 EC:-1 ad:0 Log:Et2
TS:1674973065 ID:5000 EC:-1 ad:0 Log:Et
TS:1674973065 ID:5000 EC:-1 ad:0 Log:Et2
TS:1674973004 ID:5000 EC:0 ad:F214E978 Log:
TS:1674973065 ID:5000 EC:0 ad:F214E978 Log:
TS:1674987466 ID:5000 EC:-1 ad:0 Log:Et
TS:1674987466 ID:5000 EC:-1 ad:0 Log:Et2
TS:1674987466 ID:5000 EC:0 ad:F214E978 Log:
TS:1674995131 ID:5000 EC:-1 ad:0 Log:Et
TS:1674995131 ID:5000 EC:-1 ad:0 Log:Et2
TS:1674995192 ID:5000 EC:-1 ad:0 Log:Et
TS:1674995192 ID:5000 EC:-1 ad:0 Log:Et2
TS:1674995131 ID:5000 EC:0 ad:F214E978 Log:
TS:1674995192 ID:5000 EC:0 ad:F214E978 Log:
TS:1675048617 ID:5000 EC:-1 ad:0 Log:Et
TS:1675048617 ID:5000 EC:-1 ad:0 Log:Et2
TS:1675048617 ID:5000 EC:0 ad:F214E978 Log:
TS:1675048679 ID:5000 EC:-1 ad:0 Log:Et
TS:1675048679 ID:5000 EC:-1 ad:0 Log:Et2
TS:1675048679 ID:5000 EC:0 ad:F214E978 Log:
TS:1675051472 ID:5000 EC:-1 ad:0 Log:Et
TS:1675051472 ID:5000 EC:-1 ad:0 Log:Et2
TS:1675051472 ID:5000 EC:0 ad:F214E978 Log:
TS:1675065116 ID:5000 EC:-1 ad:0 Log:Et
TS:1675065116 ID:5000 EC:-1 ad:0 Log:Et2
TS:1675065116 ID:5000 EC:0 ad:2B672FB7 Log:
TS:1675065177 ID:5000 EC:-1 ad:0 Log:Et
TS:1675065177 ID:5000 EC:-1 ad:0 Log:Et2
TS:1675065177 ID:5000 EC:0 ad:2B672FB7 Log:
TS:1675079577 ID:5000 EC:-1 ad:0 Log:Et
TS:1675079577 ID:5000 EC:-1 ad:0 Log:Et2
TS:1675079577 ID:5000 EC:0 ad:2B672FB7 Log:
TS:1675134102 ID:5000 EC:-1 ad:0 Log:Et
TS:1675134102 ID:5000 EC:-1 ad:0 Log:Et2
TS:1675134163 ID:5000 EC:-1 ad:0 Log:Et
TS:1675134163 ID:5000 EC:-1 ad:0 Log:Et2
TS:1675134102 ID:5000 EC:5 ad:0 Log:
TS:1675134163 ID:5000 EC:0 ad:F214E978 Log:
TS:1675134102 ID:5000 EC:0 ad:F214E978 Log:
TS:1675148563 ID:5000 EC:-1 ad:0 Log:Et
TS:1675148563 ID:5000 EC:-1 ad:0 Log:Et2
TS:1675148563 ID:5000 EC:0 ad:F214E978 Log:
TS:1675338932 ID:5000 EC:-1 ad:0 Log:Et
TS:1675338932 ID:5000 EC:-1 ad:0 Log:Et2
TS:1675338990 ID:5000 EC:-1 ad:0 Log:Et
TS:1675338990 ID:5000 EC:-1 ad:0 Log:Et2
TS:1675338932 ID:5000 EC:5 ad:0 Log:
TS:1675338990 ID:5000 EC:0 ad:F214E978 Log:
TS:1675338932 ID:5000 EC:0 ad:F214E978 Log:
TS:1675390752 ID:5000 EC:-1 ad:0 Log:Et
TS:1675390752 ID:5000 EC:-1 ad:0 Log:Et2
TS:1675390752 ID:5000 EC:0 ad:F214E978 Log:
TS:1675390813 ID:5000 EC:-1 ad:0 Log:Et
TS:1675390813 ID:5000 EC:-1 ad:0 Log:Et2
TS:1675390813 ID:5000 EC:0 ad:F214E978 Log:
TS:1675405215 ID:5000 EC:-1 ad:0 Log:Et
TS:1675405215 ID:5000 EC:-1 ad:0 Log:Et2
TS:1675405215 ID:5000 EC:0 ad:F214E978 Log:
TS:1675408319 ID:5000 EC:-1 ad:0 Log:Et
TS:1675408319 ID:5000 EC:-1 ad:0 Log:Et2
TS:1675408319 ID:5000 EC:0 ad:F214E978 Log:
TS:1675419363 ID:5000 EC:-1 ad:0 Log:Et
TS:1675419363 ID:5000 EC:-1 ad:0 Log:Et2
TS:1675419424 ID:5000 EC:-1 ad:0 Log:Et
TS:1675419424 ID:5000 EC:-1 ad:0 Log:Et2
TS:1675419363 ID:5000 EC:0 ad:F214E978 Log:
TS:1675419424 ID:5000 EC:0 ad:F214E978 Log:
TS:1675428884 ID:5000 EC:-1 ad:0 Log:Et
TS:1675428884 ID:5000 EC:-1 ad:0 Log:Et2
TS:1675428945 ID:5000 EC:-1 ad:0 Log:Et
TS:1675428945 ID:5000 EC:-1 ad:0 Log:Et2
TS:1675428884 ID:5000 EC:0 ad:F214E978 Log:
TS:1675428945 ID:5000 EC:0 ad:F214E978 Log:
TS:1675435115 ID:5000 EC:-1 ad:0 Log:Et
TS:1675435115 ID:5000 EC:-1 ad:0 Log:Et2
TS:1675435115 ID:5000 EC:0 ad:F214E978 Log:
TS:1675435117 ID:5000 EC:-1 ad:0 Log:Et
TS:1675435117 ID:5000 EC:-1 ad:0 Log:Et2
TS:1675435117 ID:5000 EC:0 ad:F214E978 Log:
TS:1675435176 ID:5000 EC:-1 ad:0 Log:Et
TS:1675435176 ID:5000 EC:-1 ad:0 Log:Et2
TS:1675435176 ID:5000 EC:0 ad:F214E978 Log:
